This file contains any messages produced by compilers while
running configure, to aid debugging if configure makes a mistake.

It was created by FULL-PACKAGE-NAME configure VERSION, which was
generated by GNU Autoconf 2.68.  Invocation command line was

  $ ./configure 

## --------- ##
## Platform. ##
## --------- ##

hostname = subhodeep-iMac
uname -m = i686
uname -r = 3.2.0-38-generic-pae
uname -s = Linux
uname -v = #61-Ubuntu SMP Tue Feb 19 12:39:51 UTC 2013

/usr/bin/uname -p = unknown
/bin/uname -X     = unknown

/bin/arch              = unknown
/usr/bin/arch -k       = unknown
/usr/convex/getsysinfo = unknown
/usr/bin/hostinfo      = unknown
/bin/machine           = unknown
/usr/bin/oslevel       = unknown
/bin/universe          = unknown

PATH: /usr/lib/lightdm/lightdm
PATH: /usr/local/sbin
PATH: /usr/local/bin
PATH: /usr/sbin
PATH: /usr/bin
PATH: /sbin
PATH: /bin
PATH: /usr/games
PATH: /home/subhodeep/.bin
PATH: /home/subhodeep/local/bin
PATH: /home/subhodeep/local/phaistos/bin


## ----------- ##
## Core tests. ##
## ----------- ##

configure:2122: checking for gcc
configure:2138: found /usr/bin/gcc
configure:2149: result: gcc
configure:2378: checking for C compiler version
configure:2387: gcc --version >&5
gcc (Ubuntu/Linaro 4.6.3-1ubuntu5) 4.6.3
Copyright (C) 2011 Free Software Foundation, Inc.
This is free software; see the source for copying conditions.  There is NO
warranty; not even for MERCHANTABILITY or FITNESS FOR A PARTICULAR PURPOSE.

configure:2398: $? = 0
configure:2387: gcc -v >&5
Using built-in specs.
COLLECT_GCC=gcc
COLLECT_LTO_WRAPPER=/usr/lib/gcc/i686-linux-gnu/4.6/lto-wrapper
Target: i686-linux-gnu
Configured with: ../src/configure -v --with-pkgversion='Ubuntu/Linaro 4.6.3-1ubuntu5' --with-bugurl=file:///usr/share/doc/gcc-4.6/README.Bugs --enable-languages=c,c++,fortran,objc,obj-c++ --prefix=/usr --program-suffix=-4.6 --enable-shared --enable-linker-build-id --with-system-zlib --libexecdir=/usr/lib --without-included-gettext --enable-threads=posix --with-gxx-include-dir=/usr/include/c++/4.6 --libdir=/usr/lib --enable-nls --with-sysroot=/ --enable-clocale=gnu --enable-libstdcxx-debug --enable-libstdcxx-time=yes --enable-gnu-unique-object --enable-plugin --enable-objc-gc --enable-targets=all --disable-werror --with-arch-32=i686 --with-tune=generic --enable-checking=release --build=i686-linux-gnu --host=i686-linux-gnu --target=i686-linux-gnu
Thread model: posix
gcc version 4.6.3 (Ubuntu/Linaro 4.6.3-1ubuntu5) 
configure:2398: $? = 0
configure:2387: gcc -V >&5
gcc: error: unrecognized option '-V'
gcc: fatal error: no input files
compilation terminated.
configure:2398: $? = 4
configure:2387: gcc -qversion >&5
gcc: error: unrecognized option '-qversion'
gcc: fatal error: no input files
compilation terminated.
configure:2398: $? = 4
configure:2418: checking whether the C compiler works
configure:2440: gcc    conftest.c  >&5
configure:2444: $? = 0
configure:2492: result: yes
configure:2495: checking for C compiler default output file name
configure:2497: result: a.out
configure:2503: checking for suffix of executables
configure:2510: gcc -o conftest    conftest.c  >&5
configure:2514: $? = 0
configure:2536: result: 
configure:2558: checking whether we are cross compiling
configure:2566: gcc -o conftest    conftest.c  >&5
configure:2570: $? = 0
configure:2577: ./conftest
configure:2581: $? = 0
configure:2596: result: no
configure:2601: checking for suffix of object files
configure:2623: gcc -c   conftest.c >&5
configure:2627: $? = 0
configure:2648: result: o
configure:2652: checking whether we are using the GNU C compiler
configure:2671: gcc -c   conftest.c >&5
configure:2671: $? = 0
configure:2680: result: yes
configure:2689: checking whether gcc accepts -g
configure:2709: gcc -c -g  conftest.c >&5
configure:2709: $? = 0
configure:2750: result: yes
configure:2767: checking for gcc option to accept ISO C89
configure:2831: gcc  -c -g -O2  conftest.c >&5
configure:2831: $? = 0
configure:2844: result: none needed
configure:2874: checking how to run the C preprocessor
configure:2905: gcc -E  conftest.c
configure:2905: $? = 0
configure:2919: gcc -E  conftest.c
conftest.c:9:28: fatal error: ac_nonexistent.h: No such file or directory
compilation terminated.
configure:2919: $? = 1
configure: failed program was:
| /* confdefs.h */
| #define PACKAGE_NAME "FULL-PACKAGE-NAME"
| #define PACKAGE_TARNAME "full-package-name"
| #define PACKAGE_VERSION "VERSION"
| #define PACKAGE_STRING "FULL-PACKAGE-NAME VERSION"
| #define PACKAGE_BUGREPORT "BUG-REPORT-ADDRESS"
| #define PACKAGE_URL ""
| /* end confdefs.h.  */
| #include <ac_nonexistent.h>
configure:2944: result: gcc -E
configure:2964: gcc -E  conftest.c
configure:2964: $? = 0
configure:2978: gcc -E  conftest.c
conftest.c:9:28: fatal error: ac_nonexistent.h: No such file or directory
compilation terminated.
configure:2978: $? = 1
configure: failed program was:
| /* confdefs.h */
| #define PACKAGE_NAME "FULL-PACKAGE-NAME"
| #define PACKAGE_TARNAME "full-package-name"
| #define PACKAGE_VERSION "VERSION"
| #define PACKAGE_STRING "FULL-PACKAGE-NAME VERSION"
| #define PACKAGE_BUGREPORT "BUG-REPORT-ADDRESS"
| #define PACKAGE_URL ""
| /* end confdefs.h.  */
| #include <ac_nonexistent.h>
configure:3007: checking for grep that handles long lines and -e
configure:3065: result: /bin/grep
configure:3070: checking for egrep
configure:3132: result: /bin/grep -E
configure:3137: checking for ANSI C header files
configure:3157: gcc -c -g -O2  conftest.c >&5
configure:3157: $? = 0
configure:3230: gcc -o conftest -g -O2   conftest.c  >&5
configure:3230: $? = 0
configure:3230: ./conftest
configure:3230: $? = 0
configure:3241: result: yes
configure:3254: checking for sys/types.h
configure:3254: gcc -c -g -O2  conftest.c >&5
configure:3254: $? = 0
configure:3254: result: yes
configure:3254: checking for sys/stat.h
configure:3254: gcc -c -g -O2  conftest.c >&5
configure:3254: $? = 0
configure:3254: result: yes
configure:3254: checking for stdlib.h
configure:3254: gcc -c -g -O2  conftest.c >&5
configure:3254: $? = 0
configure:3254: result: yes
configure:3254: checking for string.h
configure:3254: gcc -c -g -O2  conftest.c >&5
configure:3254: $? = 0
configure:3254: result: yes
configure:3254: checking for memory.h
configure:3254: gcc -c -g -O2  conftest.c >&5
configure:3254: $? = 0
configure:3254: result: yes
configure:3254: checking for strings.h
configure:3254: gcc -c -g -O2  conftest.c >&5
configure:3254: $? = 0
configure:3254: result: yes
configure:3254: checking for inttypes.h
configure:3254: gcc -c -g -O2  conftest.c >&5
configure:3254: $? = 0
configure:3254: result: yes
configure:3254: checking for stdint.h
configure:3254: gcc -c -g -O2  conftest.c >&5
configure:3254: $? = 0
configure:3254: result: yes
configure:3254: checking for unistd.h
configure:3254: gcc -c -g -O2  conftest.c >&5
configure:3254: $? = 0
configure:3254: result: yes
configure:3268: checking sys/time.h usability
configure:3268: gcc -c -g -O2  conftest.c >&5
configure:3268: $? = 0
configure:3268: result: yes
configure:3268: checking sys/time.h presence
configure:3268: gcc -E  conftest.c
configure:3268: $? = 0
configure:3268: result: yes
configure:3268: checking for sys/time.h
configure:3268: result: yes
configure:3284: checking for gettimeofday
configure:3284: gcc -o conftest -g -O2   conftest.c  >&5
configure:3284: $? = 0
configure:3284: result: yes
configure:3410: creating ./config.status

## ---------------------- ##
## Running config.status. ##
## ---------------------- ##

This file was extended by FULL-PACKAGE-NAME config.status VERSION, which was
generated by GNU Autoconf 2.68.  Invocation command line was

  CONFIG_FILES    = 
  CONFIG_HEADERS  = 
  CONFIG_LINKS    = 
  CONFIG_COMMANDS = 
  $ ./config.status 

on subhodeep-iMac

config.status:811: creating Makefile
config.status:811: creating config.h
config.status:981: config.h is unchanged

## ---------------- ##
## Cache variables. ##
## ---------------- ##

ac_cv_c_compiler_gnu=yes
ac_cv_env_CC_set=
ac_cv_env_CC_value=
ac_cv_env_CFLAGS_set=
ac_cv_env_CFLAGS_value=
ac_cv_env_CPPFLAGS_set=
ac_cv_env_CPPFLAGS_value=
ac_cv_env_CPP_set=
ac_cv_env_CPP_value=
ac_cv_env_LDFLAGS_set=
ac_cv_env_LDFLAGS_value=
ac_cv_env_LIBS_set=
ac_cv_env_LIBS_value=
ac_cv_env_build_alias_set=
ac_cv_env_build_alias_value=
ac_cv_env_host_alias_set=
ac_cv_env_host_alias_value=
ac_cv_env_target_alias_set=
ac_cv_env_target_alias_value=
ac_cv_func_gettimeofday=yes
ac_cv_header_inttypes_h=yes
ac_cv_header_memory_h=yes
ac_cv_header_stdc=yes
ac_cv_header_stdint_h=yes
ac_cv_header_stdlib_h=yes
ac_cv_header_string_h=yes
ac_cv_header_strings_h=yes
ac_cv_header_sys_stat_h=yes
ac_cv_header_sys_time_h=yes
ac_cv_header_sys_types_h=yes
ac_cv_header_unistd_h=yes
ac_cv_objext=o
ac_cv_path_EGREP='/bin/grep -E'
ac_cv_path_GREP=/bin/grep
ac_cv_prog_CPP='gcc -E'
ac_cv_prog_ac_ct_CC=gcc
ac_cv_prog_cc_c89=
ac_cv_prog_cc_g=yes

## ----------------- ##
## Output variables. ##
## ----------------- ##

CC='gcc'
CFLAGS='-g -O2'
CPP='gcc -E'
CPPFLAGS=''
DEFS='-DHAVE_CONFIG_H'
ECHO_C=''
ECHO_N='-n'
ECHO_T=''
EGREP='/bin/grep -E'
EXEEXT=''
GREP='/bin/grep'
LDFLAGS=''
LIBOBJS=''
LIBS=''
LTLIBOBJS=''
OBJEXT='o'
PACKAGE_BUGREPORT='BUG-REPORT-ADDRESS'
PACKAGE_NAME='FULL-PACKAGE-NAME'
PACKAGE_STRING='FULL-PACKAGE-NAME VERSION'
PACKAGE_TARNAME='full-package-name'
PACKAGE_URL=''
PACKAGE_VERSION='VERSION'
PATH_SEPARATOR=':'
SHELL='/bin/bash'
ac_ct_CC='gcc'
bindir='${exec_prefix}/bin'
build_alias=''
datadir='${datarootdir}'
datarootdir='${prefix}/share'
docdir='${datarootdir}/doc/${PACKAGE_TARNAME}'
dvidir='${docdir}'
exec_prefix='${prefix}'
host_alias=''
htmldir='${docdir}'
includedir='${prefix}/include'
infodir='${datarootdir}/info'
libdir='${exec_prefix}/lib'
libexecdir='${exec_prefix}/libexec'
localedir='${datarootdir}/locale'
localstatedir='${prefix}/var'
mandir='${datarootdir}/man'
oldincludedir='/usr/include'
pdfdir='${docdir}'
prefix='/usr/local'
program_transform_name='s,x,x,'
psdir='${docdir}'
sbindir='${exec_prefix}/sbin'
sharedstatedir='${prefix}/com'
sysconfdir='${prefix}/etc'
target_alias=''

## ----------- ##
## confdefs.h. ##
## ----------- ##

/* confdefs.h */
#define PACKAGE_NAME "FULL-PACKAGE-NAME"
#define PACKAGE_TARNAME "full-package-name"
#define PACKAGE_VERSION "VERSION"
#define PACKAGE_STRING "FULL-PACKAGE-NAME VERSION"
#define PACKAGE_BUGREPORT "BUG-REPORT-ADDRESS"
#define PACKAGE_URL ""
#define STDC_HEADERS 1
#define HAVE_SYS_TYPES_H 1
#define HAVE_SYS_STAT_H 1
#define HAVE_STDLIB_H 1
#define HAVE_STRING_H 1
#define HAVE_MEMORY_H 1
#define HAVE_STRINGS_H 1
#define HAVE_INTTYPES_H 1
#define HAVE_STDINT_H 1
#define HAVE_UNISTD_H 1
#define HAVE_SYS_TIME_H 1
#define HAVE_GETTIMEOFDAY 1

configure: exit 0
